\BOOKMARK [1][-]{section.1}{Einleitung}{}% 1
\BOOKMARK [2][-]{subsection.1.1}{Notationshinweise}{section.1}% 2
\BOOKMARK [1][-]{section.2}{Pakete}{}% 3
\BOOKMARK [2][-]{subsection.2.1}{Datenmodell}{section.2}% 4
\BOOKMARK [2][-]{subsection.2.2}{Import/Export}{section.2}% 5
\BOOKMARK [2][-]{subsection.2.3}{GUI und GUI-Logik}{section.2}% 6
\BOOKMARK [3][-]{subsubsection.2.3.1}{Programmfenster}{subsection.2.3}% 7
\BOOKMARK [3][-]{subsubsection.2.3.2}{WahlFenster}{subsection.2.3}% 8
\BOOKMARK [3][-]{subsubsection.2.3.3}{Ansicht}{subsection.2.3}% 9
\BOOKMARK [3][-]{subsubsection.2.3.4}{TabellenFenster}{subsection.2.3}% 10
\BOOKMARK [3][-]{subsubsection.2.3.5}{DiagrammFenster}{subsection.2.3}% 11
\BOOKMARK [3][-]{subsubsection.2.3.6}{KartenFenster}{subsection.2.3}% 12
\BOOKMARK [3][-]{subsubsection.2.3.7}{BerichtsFenster}{subsection.2.3}% 13
\BOOKMARK [3][-]{subsubsection.2.3.8}{VergleichsFenster}{subsection.2.3}% 14
\BOOKMARK [3][-]{subsubsection.2.3.9}{GUISteuerung}{subsection.2.3}% 15
\BOOKMARK [3][-]{subsubsection.2.3.10}{Dialoge}{subsection.2.3}% 16
\BOOKMARK [2][-]{subsection.2.4}{Mandatsrechner}{section.2}% 17
\BOOKMARK [2][-]{subsection.2.5}{Wahlgenerator}{section.2}% 18
\BOOKMARK [2][-]{subsection.2.6}{Simulation des negativen Stimmgewichts}{section.2}% 19
\BOOKMARK [2][-]{subsection.2.7}{Wahlvergleich}{section.2}% 20
\BOOKMARK [2][-]{subsection.2.8}{Steuerung}{section.2}% 21
\BOOKMARK [2][-]{subsection.2.9}{Sonstiges}{section.2}% 22
\BOOKMARK [1][-]{section.3}{Vorschau auf die n\344chste Phase}{}% 23
\BOOKMARK [2][-]{subsection.3.1}{Ideen und Ziele}{section.3}% 24
\BOOKMARK [2][-]{subsection.3.2}{Zeitplan}{section.3}% 25
