This is pdfTeX, Version 3.1415926-2.4-1.40.13 (MiKTeX 2.9) (preloaded format=pdflatex 2013.10.31)  18 DEC 2013 02:15
entering extended mode
**Entwurf.tex
(C:\Users\Philipp\Desktop\Uni\PSE\svn\Entwurf\Entwurfsdokument\Entwurf.tex
LaTeX2e <2011/06/27>
Babel <v3.8m> and hyphenation patterns for english, afrikaans, ancientgreek, ar
abic, armenian, assamese, basque, bengali, bokmal, bulgarian, catalan, coptic, 
croatian, czech, danish, dutch, esperanto, estonian, farsi, finnish, french, ga
lician, german, german-x-2012-05-30, greek, gujarati, hindi, hungarian, iceland
ic, indonesian, interlingua, irish, italian, kannada, kurmanji, latin, latvian,
 lithuanian, malayalam, marathi, mongolian, mongolianlmc, monogreek, ngerman, n
german-x-2012-05-30, nynorsk, oriya, panjabi, pinyin, polish, portuguese, roman
ian, russian, sanskrit, serbian, slovak, slovenian, spanish, swedish, swissgerm
an, tamil, telugu, turkish, turkmen, ukenglish, ukrainian, uppersorbian, usengl
ishmax, welsh, loaded.
("C:\Program Files (x86)\MiKTeX 2.9\tex\latex\base\article.cls"
Document Class: article 2007/10/19 v1.4h Standard LaTeX document class
("C:\Program Files (x86)\MiKTeX 2.9\tex\latex\base\size12.clo"
File: size12.clo 2007/10/19 v1.4h Standard LaTeX file (size option)
)
\c@part=\count79
\c@section=\count80
\c@subsection=\count81
\c@subsubsection=\count82
\c@paragraph=\count83
\c@subparagraph=\count84
\c@figure=\count85
\c@table=\count86
\abovecaptionskip=\skip41
\belowcaptionskip=\skip42
\bibindent=\dimen102
)
("C:\Program Files (x86)\MiKTeX 2.9\tex\latex\base\inputenc.sty"
Package: inputenc 2008/03/30 v1.1d Input encoding file
\inpenc@prehook=\toks14
\inpenc@posthook=\toks15

("C:\Program Files (x86)\MiKTeX 2.9\tex\latex\base\utf8.def"
File: utf8.def 2008/04/05 v1.1m UTF-8 support for inputenc
Now handling font encoding OML ...
... no UTF-8 mapping file for font encoding OML
Now handling font encoding T1 ...
... processing UTF-8 mapping file for font encoding T1

("C:\Program Files (x86)\MiKTeX 2.9\tex\latex\base\t1enc.dfu"
File: t1enc.dfu 2008/04/05 v1.1m UTF-8 support for inputenc
   defining Unicode char U+00A1 (decimal 161)
   defining Unicode char U+00A3 (decimal 163)
   defining Unicode char U+00AB (decimal 171)
   defining Unicode char U+00BB (decimal 187)
   defining Unicode char U+00BF (decimal 191)
   defining Unicode char U+00C0 (decimal 192)
   defining Unicode char U+00C1 (decimal 193)
   defining Unicode char U+00C2 (decimal 194)
   defining Unicode char U+00C3 (decimal 195)
   defining Unicode char U+00C4 (decimal 196)
   defining Unicode char U+00C5 (decimal 197)
   defining Unicode char U+00C6 (decimal 198)
   defining Unicode char U+00C7 (decimal 199)
   defining Unicode char U+00C8 (decimal 200)
   defining Unicode char U+00C9 (decimal 201)
   defining Unicode char U+00CA (decimal 202)
   defining Unicode char U+00CB (decimal 203)
   defining Unicode char U+00CC (decimal 204)
   defining Unicode char U+00CD (decimal 205)
   defining Unicode char U+00CE (decimal 206)
   defining Unicode char U+00CF (decimal 207)
   defining Unicode char U+00D0 (decimal 208)
   defining Unicode char U+00D1 (decimal 209)
   defining Unicode char U+00D2 (decimal 210)
   defining Unicode char U+00D3 (decimal 211)
   defining Unicode char U+00D4 (decimal 212)
   defining Unicode char U+00D5 (decimal 213)
   defining Unicode char U+00D6 (decimal 214)
   defining Unicode char U+00D8 (decimal 216)
   defining Unicode char U+00D9 (decimal 217)
   defining Unicode char U+00DA (decimal 218)
   defining Unicode char U+00DB (decimal 219)
   defining Unicode char U+00DC (decimal 220)
   defining Unicode char U+00DD (decimal 221)
   defining Unicode char U+00DE (decimal 222)
   defining Unicode char U+00DF (decimal 223)
   defining Unicode char U+00E0 (decimal 224)
   defining Unicode char U+00E1 (decimal 225)
   defining Unicode char U+00E2 (decimal 226)
   defining Unicode char U+00E3 (decimal 227)
   defining Unicode char U+00E4 (decimal 228)
   defining Unicode char U+00E5 (decimal 229)
   defining Unicode char U+00E6 (decimal 230)
   defining Unicode char U+00E7 (decimal 231)
   defining Unicode char U+00E8 (decimal 232)
   defining Unicode char U+00E9 (decimal 233)
   defining Unicode char U+00EA (decimal 234)
   defining Unicode char U+00EB (decimal 235)
   defining Unicode char U+00EC (decimal 236)
   defining Unicode char U+00ED (decimal 237)
   defining Unicode char U+00EE (decimal 238)
   defining Unicode char U+00EF (decimal 239)
   defining Unicode char U+00F0 (decimal 240)
   defining Unicode char U+00F1 (decimal 241)
   defining Unicode char U+00F2 (decimal 242)
   defining Unicode char U+00F3 (decimal 243)
   defining Unicode char U+00F4 (decimal 244)
   defining Unicode char U+00F5 (decimal 245)
   defining Unicode char U+00F6 (decimal 246)
   defining Unicode char U+00F8 (decimal 248)
   defining Unicode char U+00F9 (decimal 249)
   defining Unicode char U+00FA (decimal 250)
   defining Unicode char U+00FB (decimal 251)
   defining Unicode char U+00FC (decimal 252)
   defining Unicode char U+00FD (decimal 253)
   defining Unicode char U+00FE (decimal 254)
   defining Unicode char U+00FF (decimal 255)
   defining Unicode char U+0102 (decimal 258)
   defining Unicode char U+0103 (decimal 259)
   defining Unicode char U+0104 (decimal 260)
   defining Unicode char U+0105 (decimal 261)
   defining Unicode char U+0106 (decimal 262)
   defining Unicode char U+0107 (decimal 263)
   defining Unicode char U+010C (decimal 268)
   defining Unicode char U+010D (decimal 269)
   defining Unicode char U+010E (decimal 270)
   defining Unicode char U+010F (decimal 271)
   defining Unicode char U+0110 (decimal 272)
   defining Unicode char U+0111 (decimal 273)
   defining Unicode char U+0118 (decimal 280)
   defining Unicode char U+0119 (decimal 281)
   defining Unicode char U+011A (decimal 282)
   defining Unicode char U+011B (decimal 283)
   defining Unicode char U+011E (decimal 286)
   defining Unicode char U+011F (decimal 287)
   defining Unicode char U+0130 (decimal 304)
   defining Unicode char U+0131 (decimal 305)
   defining Unicode char U+0132 (decimal 306)
   defining Unicode char U+0133 (decimal 307)
   defining Unicode char U+0139 (decimal 313)
   defining Unicode char U+013A (decimal 314)
   defining Unicode char U+013D (decimal 317)
   defining Unicode char U+013E (decimal 318)
   defining Unicode char U+0141 (decimal 321)
   defining Unicode char U+0142 (decimal 322)
   defining Unicode char U+0143 (decimal 323)
   defining Unicode char U+0144 (decimal 324)
   defining Unicode char U+0147 (decimal 327)
   defining Unicode char U+0148 (decimal 328)
   defining Unicode char U+014A (decimal 330)
   defining Unicode char U+014B (decimal 331)
   defining Unicode char U+0150 (decimal 336)
   defining Unicode char U+0151 (decimal 337)
   defining Unicode char U+0152 (decimal 338)
   defining Unicode char U+0153 (decimal 339)
   defining Unicode char U+0154 (decimal 340)
   defining Unicode char U+0155 (decimal 341)
   defining Unicode char U+0158 (decimal 344)
   defining Unicode char U+0159 (decimal 345)
   defining Unicode char U+015A (decimal 346)
   defining Unicode char U+015B (decimal 347)
   defining Unicode char U+015E (decimal 350)
   defining Unicode char U+015F (decimal 351)
   defining Unicode char U+0160 (decimal 352)
   defining Unicode char U+0161 (decimal 353)
   defining Unicode char U+0162 (decimal 354)
   defining Unicode char U+0163 (decimal 355)
   defining Unicode char U+0164 (decimal 356)
   defining Unicode char U+0165 (decimal 357)
   defining Unicode char U+016E (decimal 366)
   defining Unicode char U+016F (decimal 367)
   defining Unicode char U+0170 (decimal 368)
   defining Unicode char U+0171 (decimal 369)
   defining Unicode char U+0178 (decimal 376)
   defining Unicode char U+0179 (decimal 377)
   defining Unicode char U+017A (decimal 378)
   defining Unicode char U+017B (decimal 379)
   defining Unicode char U+017C (decimal 380)
   defining Unicode char U+017D (decimal 381)
   defining Unicode char U+017E (decimal 382)
   defining Unicode char U+200C (decimal 8204)
   defining Unicode char U+2013 (decimal 8211)
   defining Unicode char U+2014 (decimal 8212)
   defining Unicode char U+2018 (decimal 8216)
   defining Unicode char U+2019 (decimal 8217)
   defining Unicode char U+201A (decimal 8218)
   defining Unicode char U+201C (decimal 8220)
   defining Unicode char U+201D (decimal 8221)
   defining Unicode char U+201E (decimal 8222)
   defining Unicode char U+2030 (decimal 8240)
   defining Unicode char U+2031 (decimal 8241)
   defining Unicode char U+2039 (decimal 8249)
   defining Unicode char U+203A (decimal 8250)
   defining Unicode char U+2423 (decimal 9251)
)
Now handling font encoding OT1 ...
... processing UTF-8 mapping file for font encoding OT1

("C:\Program Files (x86)\MiKTeX 2.9\tex\latex\base\ot1enc.dfu"
File: ot1enc.dfu 2008/04/05 v1.1m UTF-8 support for inputenc
   defining Unicode char U+00A1 (decimal 161)
   defining Unicode char U+00A3 (decimal 163)
   defining Unicode char U+00B8 (decimal 184)
   defining Unicode char U+00BF (decimal 191)
   defining Unicode char U+00C5 (decimal 197)
   defining Unicode char U+00C6 (decimal 198)
   defining Unicode char U+00D8 (decimal 216)
   defining Unicode char U+00DF (decimal 223)
   defining Unicode char U+00E6 (decimal 230)
   defining Unicode char U+00EC (decimal 236)
   defining Unicode char U+00ED (decimal 237)
   defining Unicode char U+00EE (decimal 238)
   defining Unicode char U+00EF (decimal 239)
   defining Unicode char U+00F8 (decimal 248)
   defining Unicode char U+0131 (decimal 305)
   defining Unicode char U+0141 (decimal 321)
   defining Unicode char U+0142 (decimal 322)
   defining Unicode char U+0152 (decimal 338)
   defining Unicode char U+0153 (decimal 339)
   defining Unicode char U+2013 (decimal 8211)
   defining Unicode char U+2014 (decimal 8212)
   defining Unicode char U+2018 (decimal 8216)
   defining Unicode char U+2019 (decimal 8217)
   defining Unicode char U+201C (decimal 8220)
   defining Unicode char U+201D (decimal 8221)
)
Now handling font encoding OMS ...
... processing UTF-8 mapping file for font encoding OMS

("C:\Program Files (x86)\MiKTeX 2.9\tex\latex\base\omsenc.dfu"
File: omsenc.dfu 2008/04/05 v1.1m UTF-8 support for inputenc
   defining Unicode char U+00A7 (decimal 167)
   defining Unicode char U+00B6 (decimal 182)
   defining Unicode char U+00B7 (decimal 183)
   defining Unicode char U+2020 (decimal 8224)
   defining Unicode char U+2021 (decimal 8225)
   defining Unicode char U+2022 (decimal 8226)
)
Now handling font encoding OMX ...
... no UTF-8 mapping file for font encoding OMX
Now handling font encoding U ...
... no UTF-8 mapping file for font encoding U
   defining Unicode char U+00A9 (decimal 169)
   defining Unicode char U+00AA (decimal 170)
   defining Unicode char U+00AE (decimal 174)
   defining Unicode char U+00BA (decimal 186)
   defining Unicode char U+02C6 (decimal 710)
   defining Unicode char U+02DC (decimal 732)
   defining Unicode char U+200C (decimal 8204)
   defining Unicode char U+2026 (decimal 8230)
   defining Unicode char U+2122 (decimal 8482)
   defining Unicode char U+2423 (decimal 9251)
))
("C:\Program Files (x86)\MiKTeX 2.9\tex\generic\babel\babel.sty"
Package: babel 2008/07/08 v3.8m The Babel package

*************************************
* Local config file bblopts.cfg used
*
("C:\Program Files (x86)\MiKTeX 2.9\tex\latex\00miktex\bblopts.cfg"
File: bblopts.cfg 2006/07/31 v1.0 MiKTeX 'babel' configuration
)
("C:\Program Files (x86)\MiKTeX 2.9\tex\generic\babel\germanb.ldf"
Language: germanb 2008/06/01 v2.6m German support from the babel system

("C:\Program Files (x86)\MiKTeX 2.9\tex\generic\babel\babel.def"
File: babel.def 2008/07/08 v3.8m Babel common definitions
\babel@savecnt=\count87
\U@D=\dimen103
)
\l@austrian = a dialect from \language\l@german 
Package babel Info: Making " an active character on input line 102.
))
("C:\Program Files (x86)\MiKTeX 2.9\tex\latex\amsmath\amsmath.sty"
Package: amsmath 2013/01/14 v2.14 AMS math features
\@mathmargin=\skip43

For additional information on amsmath, use the `?' option.
("C:\Program Files (x86)\MiKTeX 2.9\tex\latex\amsmath\amstext.sty"
Package: amstext 2000/06/29 v2.01

("C:\Program Files (x86)\MiKTeX 2.9\tex\latex\amsmath\amsgen.sty"
File: amsgen.sty 1999/11/30 v2.0
\@emptytoks=\toks16
\ex@=\dimen104
))
("C:\Program Files (x86)\MiKTeX 2.9\tex\latex\amsmath\amsbsy.sty"
Package: amsbsy 1999/11/29 v1.2d
\pmbraise@=\dimen105
)
("C:\Program Files (x86)\MiKTeX 2.9\tex\latex\amsmath\amsopn.sty"
Package: amsopn 1999/12/14 v2.01 operator names
)
\inf@bad=\count88
LaTeX Info: Redefining \frac on input line 210.
\uproot@=\count89
\leftroot@=\count90
LaTeX Info: Redefining \overline on input line 306.
\classnum@=\count91
\DOTSCASE@=\count92
LaTeX Info: Redefining \ldots on input line 378.
LaTeX Info: Redefining \dots on input line 381.
LaTeX Info: Redefining \cdots on input line 466.
\Mathstrutbox@=\box26
\strutbox@=\box27
\big@size=\dimen106
LaTeX Font Info:    Redeclaring font encoding OML on input line 566.
LaTeX Font Info:    Redeclaring font encoding OMS on input line 567.
\macc@depth=\count93
\c@MaxMatrixCols=\count94
\dotsspace@=\muskip10
\c@parentequation=\count95
\dspbrk@lvl=\count96
\tag@help=\toks17
\row@=\count97
\column@=\count98
\maxfields@=\count99
\andhelp@=\toks18
\eqnshift@=\dimen107
\alignsep@=\dimen108
\tagshift@=\dimen109
\tagwidth@=\dimen110
\totwidth@=\dimen111
\lineht@=\dimen112
\@envbody=\toks19
\multlinegap=\skip44
\multlinetaggap=\skip45
\mathdisplay@stack=\toks20
LaTeX Info: Redefining \[ on input line 2665.
LaTeX Info: Redefining \] on input line 2666.
)
("C:\Program Files (x86)\MiKTeX 2.9\tex\latex\amsfonts\amsfonts.sty"
Package: amsfonts 2013/01/14 v3.01 Basic AMSFonts support
\symAMSa=\mathgroup4
\symAMSb=\mathgroup5
LaTeX Font Info:    Overwriting math alphabet `\mathfrak' in version `bold'
(Font)                  U/euf/m/n --> U/euf/b/n on input line 106.
)
("C:\Program Files (x86)\MiKTeX 2.9\tex\latex\amsfonts\amssymb.sty"
Package: amssymb 2013/01/14 v3.01 AMS font symbols
)
("C:\Program Files (x86)\MiKTeX 2.9\tex\latex\setspace\setspace.sty"
Package: setspace 2011/12/19 v6.7a set line spacing
)
("C:\Program Files (x86)\MiKTeX 2.9\tex\latex\graphics\graphicx.sty"
Package: graphicx 1999/02/16 v1.0f Enhanced LaTeX Graphics (DPC,SPQR)

("C:\Program Files (x86)\MiKTeX 2.9\tex\latex\graphics\keyval.sty"
Package: keyval 1999/03/16 v1.13 key=value parser (DPC)
\KV@toks@=\toks21
)
("C:\Program Files (x86)\MiKTeX 2.9\tex\latex\graphics\graphics.sty"
Package: graphics 2009/02/05 v1.0o Standard LaTeX Graphics (DPC,SPQR)

("C:\Program Files (x86)\MiKTeX 2.9\tex\latex\graphics\trig.sty"
Package: trig 1999/03/16 v1.09 sin cos tan (DPC)
)
("C:\Program Files (x86)\MiKTeX 2.9\tex\latex\00miktex\graphics.cfg"
File: graphics.cfg 2007/01/18 v1.5 graphics configuration of teTeX/TeXLive
)
Package graphics Info: Driver file: pdftex.def on input line 91.

("C:\Program Files (x86)\MiKTeX 2.9\tex\latex\pdftex-def\pdftex.def"
File: pdftex.def 2011/05/27 v0.06d Graphics/color for pdfTeX

("C:\Program Files (x86)\MiKTeX 2.9\tex\generic\oberdiek\infwarerr.sty"
Package: infwarerr 2010/04/08 v1.3 Providing info/warning/error messages (HO)
)
("C:\Program Files (x86)\MiKTeX 2.9\tex\generic\oberdiek\ltxcmds.sty"
Package: ltxcmds 2011/11/09 v1.22 LaTeX kernel commands for general use (HO)
)
\Gread@gobject=\count100
))
\Gin@req@height=\dimen113
\Gin@req@width=\dimen114
)
("C:\Program Files (x86)\MiKTeX 2.9\tex\latex\geometry\geometry.sty"
Package: geometry 2010/09/12 v5.6 Page Geometry

("C:\Program Files (x86)\MiKTeX 2.9\tex\generic\oberdiek\ifpdf.sty"
Package: ifpdf 2011/01/30 v2.3 Provides the ifpdf switch (HO)
Package ifpdf Info: pdfTeX in PDF mode is detected.
)
("C:\Program Files (x86)\MiKTeX 2.9\tex\generic\oberdiek\ifvtex.sty"
Package: ifvtex 2010/03/01 v1.5 Detect VTeX and its facilities (HO)
Package ifvtex Info: VTeX not detected.
)
("C:\Program Files (x86)\MiKTeX 2.9\tex\generic\ifxetex\ifxetex.sty"
Package: ifxetex 2010/09/12 v0.6 Provides ifxetex conditional
)
\Gm@cnth=\count101
\Gm@cntv=\count102
\c@Gm@tempcnt=\count103
\Gm@bindingoffset=\dimen115
\Gm@wd@mp=\dimen116
\Gm@odd@mp=\dimen117
\Gm@even@mp=\dimen118
\Gm@layoutwidth=\dimen119
\Gm@layoutheight=\dimen120
\Gm@layouthoffset=\dimen121
\Gm@layoutvoffset=\dimen122
\Gm@dimlist=\toks22

("C:\Program Files (x86)\MiKTeX 2.9\tex\latex\geometry\geometry.cfg"))
("C:\Program Files (x86)\MiKTeX 2.9\tex\latex\endnotes\endnotes.sty"
\c@endnote=\count104
\endnotesep=\dimen123
\@enotes=\write3
)
("C:\Program Files (x86)\MiKTeX 2.9\tex\latex\placeins\placeins.sty"
Package: placeins 2005/04/18  v 2.2
)
("C:\Program Files (x86)\MiKTeX 2.9\tex\latex\fancyhdr\fancyhdr.sty"
\fancy@headwidth=\skip46
\f@ncyO@elh=\skip47
\f@ncyO@erh=\skip48
\f@ncyO@olh=\skip49
\f@ncyO@orh=\skip50
\f@ncyO@elf=\skip51
\f@ncyO@erf=\skip52
\f@ncyO@olf=\skip53
\f@ncyO@orf=\skip54
)
(C:\Users\Philipp\Desktop\Uni\PSE\svn\Entwurf\Entwurfsdokument\Entwurf.aux)
LaTeX Font Info:    Checking defaults for OML/cmm/m/it on input line 19.
LaTeX Font Info:    ... okay on input line 19.
LaTeX Font Info:    Checking defaults for T1/cmr/m/n on input line 19.
LaTeX Font Info:    ... okay on input line 19.
LaTeX Font Info:    Checking defaults for OT1/cmr/m/n on input line 19.
LaTeX Font Info:    ... okay on input line 19.
LaTeX Font Info:    Checking defaults for OMS/cmsy/m/n on input line 19.
LaTeX Font Info:    ... okay on input line 19.
LaTeX Font Info:    Checking defaults for OMX/cmex/m/n on input line 19.
LaTeX Font Info:    ... okay on input line 19.
LaTeX Font Info:    Checking defaults for U/cmr/m/n on input line 19.
LaTeX Font Info:    ... okay on input line 19.

("C:\Program Files (x86)\MiKTeX 2.9\tex\context\base\supp-pdf.mkii"
[Loading MPS to PDF converter (version 2006.09.02).]
\scratchcounter=\count105
\scratchdimen=\dimen124
\scratchbox=\box28
\nofMPsegments=\count106
\nofMParguments=\count107
\everyMPshowfont=\toks23
\MPscratchCnt=\count108
\MPscratchDim=\dimen125
\MPnumerator=\count109
\makeMPintoPDFobject=\count110
\everyMPtoPDFconversion=\toks24
)
*geometry* driver: auto-detecting
*geometry* detected driver: pdftex
*geometry* verbose mode - [ preamble ] result:
* driver: pdftex
* paper: a4paper
* layout: <same size as paper>
* layoutoffset:(h,v)=(0.0pt,0.0pt)
* modes: 
* h-part:(L,W,R)=(72.26999pt, 452.9679pt, 72.26999pt)
* v-part:(T,H,B)=(72.26999pt, 664.37186pt, 108.405pt)
* \paperwidth=597.50787pt
* \paperheight=845.04684pt
* \textwidth=452.9679pt
* \textheight=664.37186pt
* \oddsidemargin=0.0pt
* \evensidemargin=0.0pt
* \topmargin=-37.0pt
* \headheight=12.0pt
* \headsep=25.0pt
* \topskip=12.0pt
* \footskip=30.0pt
* \marginparwidth=35.0pt
* \marginparsep=10.0pt
* \columnsep=10.0pt
* \skip\footins=10.8pt plus 4.0pt minus 2.0pt
* \hoffset=0.0pt
* \voffset=0.0pt
* \mag=1000
* \@twocolumnfalse
* \@twosidefalse
* \@mparswitchfalse
* \@reversemarginfalse
* (1in=72.27pt=25.4mm, 1cm=28.453pt)

<KIT-Logo.png, id=1, 284.5029pt x 132.0132pt>
File: KIT-Logo.png Graphic file (type png)
 <use KIT-Logo.png>
Package pdftex.def Info: KIT-Logo.png used on input line 34.
(pdftex.def)             Requested size: 170.70305pt x 79.20851pt.
 [1

{C:/ProgramData/MiKTeX/2.9/pdftex/config/pdftex.map} <C:/Users/Philipp/Desktop/
Uni/PSE/svn/Entwurf/Entwurfsdokument/KIT-Logo.png>] [1]
(C:\Users\Philipp\Desktop\Uni\PSE\svn\Entwurf\Entwurfsdokument\Entwurf.toc
LaTeX Font Info:    Try loading font information for U+msa on input line 5.

("C:\Program Files (x86)\MiKTeX 2.9\tex\latex\amsfonts\umsa.fd"
File: umsa.fd 2013/01/14 v3.01 AMS symbols A
)
LaTeX Font Info:    Try loading font information for U+msb on input line 5.

("C:\Program Files (x86)\MiKTeX 2.9\tex\latex\amsfonts\umsb.fd"
File: umsb.fd 2013/01/14 v3.01 AMS symbols B
))
\tf@toc=\write4


Package Fancyhdr Warning: \headheight is too small (12.0pt): 
 Make it at least 14.49998pt.
 We now make it that large for the rest of the document.
 This may cause the page layout to be inconsistent, however.

[1]
LaTeX Font Info:    Try loading font information for OT1+pcr on input line 62.
 ("C:\Program Files (x86)\MiKTeX 2.9\tex\latex\psnfss\ot1pcr.fd"
File: ot1pcr.fd 2001/06/04 font definitions for OT1/pcr.
)
LaTeX Font Info:    Font shape `OT1/pcr/bx/n' in size <12> not available
(Font)              Font shape `OT1/pcr/b/n' tried instead on input line 62.

Underfull \hbox (badness 10000) in paragraph at lines 62--63

 []

LaTeX Font Info:    Font shape `OT1/pcr/m/it' in size <12> not available
(Font)              Font shape `OT1/pcr/m/sl' tried instead on input line 64.

Underfull \hbox (badness 10000) in paragraph at lines 64--65

 []

[1] [2] <GUI-Abschnitt.png, id=28, 979.40906pt x 786.68906pt>
File: GUI-Abschnitt.png Graphic file (type png)

<use GUI-Abschnitt.png>
Package pdftex.def Info: GUI-Abschnitt.png used on input line 74.
(pdftex.def)             Requested size: 391.75668pt x 314.67004pt.

Underfull \hbox (badness 10000) in paragraph at lines 82--85

 []


Underfull \hbox (badness 10000) in paragraph at lines 86--88

 []


Underfull \hbox (badness 10000) in paragraph at lines 94--95

 []

[3 <C:/Users/Philipp/Desktop/Uni/PSE/svn/Entwurf/Entwurfsdokument/GUI-Abschnitt
.png>]
Underfull \hbox (badness 10000) in paragraph at lines 96--97

 []


Underfull \hbox (badness 10000) in paragraph at lines 104--106

 []


Underfull \hbox (badness 10000) in paragraph at lines 106--108

 []


Underfull \hbox (badness 10000) in paragraph at lines 114--116

 []


Overfull \hbox (3.37596pt too wide) in paragraph at lines 122--124
\OT1/cmr/m/n/12 F[]ullt das Ta-bel-len-Fen-ster mit den not-wen-di-gen Da-ten d
es Bundeswahl-Objekts. 
 []


Overfull \hbox (0.27742pt too wide) in paragraph at lines 136--139
\OT1/cmr/m/n/12 ei-ne kar-to-gra-fi-sche Dar-stel-lung Deutsch-lands durch ein 
Bundestagswahl-Objekt dar-
 []

[4]
Overfull \hbox (10.20317pt too wide) in paragraph at lines 146--149
\OT1/cmr/m/n/12 nem Wahl-Fen-ster vi-sua-li-siert wird. Daf[]ur be-kommt sie da
s ak-tu-ell-ste Bundestagswahl-
 []

<Datenhaltung-Ausschnitt.png, id=37, 990.70125pt x 685.56125pt>
File: Datenhaltung-Ausschnitt.png Graphic file (type png)

<use Datenhaltung-Ausschnitt.png>
Package pdftex.def Info: Datenhaltung-Ausschnitt.png used on input line 158.
(pdftex.def)             Requested size: 396.27348pt x 274.21964pt.
 [5 <C:/Users/Philipp/Desktop/Uni/PSE/svn/Entwurf/Entwurfsdokument/Datenhaltung
-Ausschnitt.png>]
Overfull \hbox (11.38335pt too wide) in paragraph at lines 179--181
\OT1/pcr/m/sl/12 anzahl:Integer) \OT1/cmr/m/n/12 ver-wen-det um die Stim-men zu
 []andern. Falls das R[]ucksetzen
 []

[6]
Overfull \hbox (24.28989pt too wide) in paragraph at lines 189--191
\OT1/pcr/b/n/12 Bundesland \OT1/cmr/m/n/12 und \OT1/pcr/b/n/12 Wahlkreis\OT1/cm
r/m/n/12 . Ge-biet be-sitzt ei-ne As-so-zia-ti-ons-klas-se (\OT1/pcr/b/n/12 Zwe
itstimme\OT1/cmr/m/n/12 )
 []


Overfull \hbox (30.89708pt too wide) in paragraph at lines 198--200
\OT1/cmr/m/n/12 Ein \OT1/pcr/b/n/12 Wahlkreis \OT1/cmr/m/n/12 be-sitzt zu-sam-m
en mit \OT1/pcr/b/n/12 Kandidat \OT1/cmr/m/n/12 ei-ne As-so-tia-ti-ons-klas-se 
\OT1/pcr/b/n/12 Erststimme\OT1/cmr/m/n/12 ,
 []


Overfull \hbox (26.8605pt too wide) in paragraph at lines 201--203
\OT1/cmr/m/n/12 Dies ist ei-ne Ab-strak-te Klas-se, die ei-ne Ober-klas-se von 
\OT1/pcr/b/n/12 Erststimme \OT1/cmr/m/n/12 und \OT1/pcr/b/n/12 Zweitstimme
 []


Overfull \hbox (1.19908pt too wide) in paragraph at lines 201--203
\OT1/cmr/m/n/12 ist. Die-se Klas-se wird bei Stimm-ver[]anderungen ver-wen-det 
um aus-ma-chen zu k[]onnen,
 []


Overfull \hbox (3.9402pt too wide) in paragraph at lines 207--209
\OT1/cmr/m/n/12 Eine As-so-zia-ti-ons-klas-se zwi-schen \OT1/pcr/b/n/12 Partei 
\OT1/cmr/m/n/12 und \OT1/pcr/b/n/12 Gebiet\OT1/cmr/m/n/12 . Erm[]oglicht die Ve
r[]anderung
 []

[7] [8] <Import-Export_Ausschnitt.png, id=51, 713.66624pt x 564.1075pt>
File: Import-Export_Ausschnitt.png Graphic file (type png)

<use Import-Export_Ausschnitt.png>
Package pdftex.def Info: Import-Export_Ausschnitt.png used on input line 227.
(pdftex.def)             Requested size: 499.56296pt x 394.87254pt.

Overfull \hbox (46.59506pt too wide) in paragraph at lines 227--227
[][] 
 []


Overfull \hbox (4.68285pt too wide) in paragraph at lines 231--233
\OT1/cmr/m/n/12 Mit dem Pro-gramm wird nur ein vo-r-im-ple-men-tier-ter Craw-le
r mit-ge-ge-ben, der .csv-Dateien,
 []

[9 <C:/Users/Philipp/Desktop/Uni/PSE/svn/Entwurf/Entwurfsdokument/Import-Export
_Ausschnitt.png>]
Overfull \hbox (19.12898pt too wide) in paragraph at lines 237--239
\OT1/cmr/m/n/12 aus. Wenn die-se true zur[]uckgibt, wird die eben-falls pri-va-
te Me-tho-de \OT1/pcr/m/sl/12 leseCSVDatei()
 []


Underfull \hbox (badness 10000) in paragraph at lines 246--247

 []


<Klassendiagramme/Wahlgenerator_Klassendiagramm.png, id=56, 472.01344pt x 387.6
9844pt>
File: Klassendiagramme/Wahlgenerator_Klassendiagramm.png Graphic file (type png
)
 <use Klassendiagramme/Wahlgenerator_Klassendiagramm.png>
Package pdftex.def Info: Klassendiagramme/Wahlgenerator_Klassendiagramm.png use
d on input line 256.
(pdftex.def)             Requested size: 472.01228pt x 387.69748pt.

Overfull \hbox (19.04439pt too wide) in paragraph at lines 256--256
[][] 
 []

[10]
Underfull \hbox (badness 10000) in paragraph at lines 259--262

 []


Overfull \hbox (9.94875pt too wide) in paragraph at lines 259--262
\OT1/cmr/m/n/12 Zur []Ubersichtlichkeit wer-den in den Klas-sen \OT1/pcr/b/n/12
 Partei\OT1/cmr/m/n/12 , \OT1/pcr/b/n/12 Steuerung \OT1/cmr/m/n/12 und \OT1/pcr
/b/n/12 Bundestagswahl
 []


Underfull \hbox (badness 10000) in paragraph at lines 259--262

 []


Overfull \hbox (54.16628pt too wide) in paragraph at lines 259--262
\OT1/cmr/m/n/12 Mit die-sem Mo-dul k[]onnen \OT1/pcr/b/n/12 Bundestagswahl \OT1
/cmr/m/n/12 Ob-jek-te an-hand vor-her de-fi-nier-ten \OT1/pcr/b/n/12 Stimmantei
len
 []


Underfull \hbox (badness 10000) in paragraph at lines 259--262

 []


Underfull \hbox (badness 10000) in paragraph at lines 259--262

 []


Underfull \hbox (badness 10000) in paragraph at lines 263--264

 []

[11 <C:/Users/Philipp/Desktop/Uni/PSE/svn/Entwurf/Entwurfsdokument/Klassendiagr
amme/Wahlgenerator_Klassendiagramm.png>]
Overfull \hbox (20.90685pt too wide) in paragraph at lines 269--271
[]\OT1/pcr/m/sl/12 Wahlgenerator(basisWahl : Bundestagswahl, anteile : Stimmant
eile) 
 []

[12] <Chronik_Ausschnitt.png, id=69, 666.23906pt x 335.75438pt>
File: Chronik_Ausschnitt.png Graphic file (type png)

<use Chronik_Ausschnitt.png>
Package pdftex.def Info: Chronik_Ausschnitt.png used on input line 282.
(pdftex.def)             Requested size: 532.99197pt x 268.60387pt.

Overfull \hbox (80.02408pt too wide) in paragraph at lines 282--282
[][] 
 []


Overfull \hbox (34.42567pt too wide) in paragraph at lines 285--288
\OT1/cmr/m/n/12 Ver[]anderung wie-der-spie-gelt.  Die Me-tho-de \OT1/pcr/b/n/12
 sichereStimme \OT1/cmr/m/n/12 wird von dem \OT1/pcr/b/n/12 Bundestagswahl\OT1/
cmr/m/n/12 -
 []


Overfull \hbox (77.34639pt too wide) in paragraph at lines 292--294
\OT1/cmr/m/n/12 Wird von der \OT1/pcr/b/n/12 Steuerung []\OT1/cmr/m/n/12 uber d
ie ak-tu-el-le Bun-des-tags-wahl mit der Funk-ti-on\OT1/pcr/m/sl/12 zurueckSetz
en()
 []

[13 <C:/Users/Philipp/Desktop/Uni/PSE/svn/Entwurf/Entwurfsdokument/Chronik_Auss
chnitt.png>] <Mandatsrechneralles.png, id=74, 454.69875pt x 349.305pt>
File: Mandatsrechneralles.png Graphic file (type png)

<use Mandatsrechneralles.png>
Package pdftex.def Info: Mandatsrechneralles.png used on input line 300.
(pdftex.def)             Requested size: 272.82135pt x 209.58461pt.
 [14 <C:/Users/Philipp/Desktop/Uni/PSE/svn/Entwurf/Entwurfsdokument/Mandatsrech
neralles.png>]
<Meldung_Ausschnitt.png, id=79, 569.12625pt x 106.14656pt>
File: Meldung_Ausschnitt.png Graphic file (type png)

<use Meldung_Ausschnitt.png>
Package pdftex.def Info: Meldung_Ausschnitt.png used on input line 321.
(pdftex.def)             Requested size: 455.30162pt x 84.91736pt.

Overfull \hbox (2.33372pt too wide) in paragraph at lines 321--321
 [][] 
 []

[15 <C:/Users/Philipp/Desktop/Uni/PSE/svn/Entwurf/Entwurfsdokument/Meldung_Auss
chnitt.png>]
<Sequenzdiagramme/Import_Sequenzdiagramm.png, id=84, 1037.8775pt x 486.81876pt>
File: Sequenzdiagramme/Import_Sequenzdiagramm.png Graphic file (type png)
<use Sequenzdiagramme/Import_Sequenzdiagramm.png>
Package pdftex.def Info: Sequenzdiagramme/Import_Sequenzdiagramm.png used on in
put line 329.
(pdftex.def)             Requested size: 518.93748pt x 243.40878pt.

Overfull \hbox (65.96959pt too wide) in paragraph at lines 329--329
[][] 
 []

[16 <C:/Users/Philipp/Desktop/Uni/PSE/svn/Entwurf/Entwurfsdokument/Sequenzdiagr
amme/Import_Sequenzdiagramm.png>]
<Sequenzdiagramme/Wahlgenerierung.png, id=90, 623.32875pt x 1061.46562pt>
File: Sequenzdiagramme/Wahlgenerierung.png Graphic file (type png)

<use Sequenzdiagramme/Wahlgenerierung.png>
Package pdftex.def Info: Sequenzdiagramme/Wahlgenerierung.png used on input lin
e 337.
(pdftex.def)             Requested size: 342.83186pt x 583.80789pt.

Overfull \hbox (8.58806pt too wide) in paragraph at lines 339--341
[]\OT1/cmr/m/n/12 In der Me-tho-de \OT1/pcr/m/sl/12 zufaelligeWahlgenerierung(b
asisWahl : Bundestagswahl,
 []

[17 <C:/Users/Philipp/Desktop/Uni/PSE/svn/Entwurf/Entwurfsdokument/Sequenzdiagr
amme/Wahlgenerierung.png>]
LaTeX Font Info:    Try loading font information for OMS+cmr on input line 348.


("C:\Program Files (x86)\MiKTeX 2.9\tex\latex\base\omscmr.fd"
File: omscmr.fd 1999/05/25 v2.5h Standard LaTeX font definitions
)
LaTeX Font Info:    Font shape `OMS/cmr/m/n' in size <12> not available
(Font)              Font shape `OMS/cmsy/m/n' tried instead on input line 348.

<Chronik_Sequenzdiagramm-stimmenaendern.png, id=95, 337.26pt x 816.80156pt>
File: Chronik_Sequenzdiagramm-stimmenaendern.png Graphic file (type png)

<use Chronik_Sequenzdiagramm-stimmenaendern.png>
Package pdftex.def Info: Chronik_Sequenzdiagramm-stimmenaendern.png used on inp
ut line 349.
(pdftex.def)             Requested size: 236.08038pt x 571.75719pt.
 [18]
<Chronik_Sequenzdiagramm-restaurieren.png, id=99, 314.67563pt x 578.91281pt>
File: Chronik_Sequenzdiagramm-restaurieren.png Graphic file (type png)

<use Chronik_Sequenzdiagramm-restaurieren.png>
Package pdftex.def Info: Chronik_Sequenzdiagramm-restaurieren.png used on input
 line 351.
(pdftex.def)             Requested size: 220.27142pt x 405.2362pt.
 [19 <C:/Users/Philipp/Desktop/Uni/PSE/svn/Entwurf/Entwurfsdokument/Chronik_Seq
uenzdiagramm-stimmenaendern.png>] <GUI_Aktualisierung.png, id=105, 350.81062pt 
x 1011.78pt>
File: GUI_Aktualisierung.png Graphic file (type png)

<use GUI_Aktualisierung.png>
Package pdftex.def Info: GUI_Aktualisierung.png used on input line 361.
(pdftex.def)             Requested size: 175.40488pt x 505.88876pt.
 [20 <C:/Users/Philipp/Desktop/Uni/PSE/svn/Entwurf/Entwurfsdokument/Chronik_Seq
uenzdiagramm-restaurieren.png>]
<GUI_Stimmenaenderung.png, id=110, 956.57375pt x 365.365pt>
File: GUI_Stimmenaenderung.png Graphic file (type png)

<use GUI_Stimmenaenderung.png>
Package pdftex.def Info: GUI_Stimmenaenderung.png used on input line 368.
(pdftex.def)             Requested size: 478.2857pt x 182.68205pt.

Overfull \hbox (25.31781pt too wide) in paragraph at lines 368--368
 [][] 
 []

[21 <C:/Users/Philipp/Desktop/Uni/PSE/svn/Entwurf/Entwurfsdokument/GUI_Aktualis
ierung.png>] [22 <C:/Users/Philipp/Desktop/Uni/PSE/svn/Entwurf/Entwurfsdokument
/GUI_Stimmenaenderung.png>] [23]
(C:\Users\Philipp\Desktop\Uni\PSE\svn\Entwurf\Entwurfsdokument\Entwurf.aux) ) 
Here is how much of TeX's memory you used:
 3456 strings out of 493921
 45538 string characters out of 3144869
 108351 words of memory out of 3000000
 6663 multiletter control sequences out of 15000+200000
 12755 words of font info for 47 fonts, out of 3000000 for 9000
 841 hyphenation exceptions out of 8191
 27i,11n,43p,1026b,402s stack positions out of 5000i,500n,10000p,200000b,50000s
{C
:/Program Files (x86)/MiKTeX 2.9/fonts/enc/dvips/fontname/8r.enc}<C:/Program Fi
les (x86)/MiKTeX 2.9/fonts/type1/public/amsfonts/cm/cmbx12.pfb><C:/Program File
s (x86)/MiKTeX 2.9/fonts/type1/public/amsfonts/cm/cmr12.pfb><C:/Program Files (
x86)/MiKTeX 2.9/fonts/type1/public/amsfonts/cm/cmr17.pfb><C:/Program Files (x86
)/MiKTeX 2.9/fonts/type1/public/amsfonts/cm/cmr8.pfb><C:/Program Files (x86)/Mi
KTeX 2.9/fonts/type1/public/amsfonts/cm/cmsl12.pfb><C:/Program Files (x86)/MiKT
eX 2.9/fonts/type1/public/amsfonts/cm/cmsy10.pfb><C:/Program Files (x86)/MiKTeX
 2.9/fonts/type1/public/amsfonts/cm/cmti12.pfb><C:/Program Files (x86)/MiKTeX 2
.9/fonts/type1/urw/courier/ucrb8a.pfb><C:/Program Files (x86)/MiKTeX 2.9/fonts/
type1/urw/courier/ucrr8a.pfb><C:/Program Files (x86)/MiKTeX 2.9/fonts/type1/urw
/courier/ucrro8a.pfb>
Output written on Entwurf.pdf (26 pages, 479673 bytes).
PDF statistics:
 156 PDF objects out of 1000 (max. 8388607)
 0 named destinations out of 1000 (max. 500000)
 71 words of extra memory for PDF output out of 10000 (max. 10000000)

